f:\temp\antthread\build\windows\temp\bit64\release\thread\cthreadevent.obj
f:\temp\antthread\build\windows\temp\bit64\release\thread\cthread.obj
f:\temp\antthread\build\windows\temp\bit64\release\thread\cmutex.obj
f:\temp\antthread\build\windows\temp\bit64\release\thread\cthreadpool.obj
f:\temp\antthread\build\windows\temp\bit64\release\thread\iapplogger.obj
f:\temp\antthread\build\windows\temp\bit64\release\thread\csemaphore.obj
f:\temp\antthread\build\windows\temp\bit64\release\thread\creadwritelock.obj
f:\temp\antthread\build\windows\temp\bit64\release\thread\cprocesshandle.obj
f:\temp\antthread\build\windows\temp\bit64\release\thread\cpipe.obj
f:\temp\antthread\build\windows\temp\bit64\release\thread\cprocessmanager.obj
f:\temp\antthread\build\windows\temp\bit64\release\thread\cnamedmutex.obj
f:\temp\antthread\build\windows\temp\bit64\release\thread\vc100.pdb
e:\share\antthread\build\windows\temp\bit64\release\thread\cthreadpool.obj
e:\share\antthread\build\windows\temp\bit64\release\thread\cthreadevent.obj
e:\share\antthread\build\windows\temp\bit64\release\thread\cthread.obj
e:\share\antthread\build\windows\temp\bit64\release\thread\csemaphore.obj
e:\share\antthread\build\windows\temp\bit64\release\thread\creadwritelock.obj
e:\share\antthread\build\windows\temp\bit64\release\thread\cprocessmanager.obj
e:\share\antthread\build\windows\temp\bit64\release\thread\cprocesshandle.obj
e:\share\antthread\build\windows\temp\bit64\release\thread\cpipe.obj
e:\share\antthread\build\windows\temp\bit64\release\thread\cnamedmutex.obj
e:\share\antthread\build\windows\temp\bit64\release\thread\cmutex.obj
e:\share\antthread\build\windows\temp\bit64\release\thread\iapplogger.obj
e:\share\antthread\build\windows\temp\bit64\release\thread\vc100.pdb
f:\temp\antthread\lib\bit64\windows\thread-64.lib
e:\share\antthread\lib\bit64\windows\thread-64.lib
e:\share\antthread\build\windows\temp\bit64\release\thread\thread.pdb
e:\share\antthread\build\windows\temp\bit64\release\thread\thread.vcxprojresolveassemblyreference.cache
e:\share\antthread\build\windows\temp\bit64\release\thread\cl.command.1.tlog
e:\share\antthread\build\windows\temp\bit64\release\thread\cl.read.1.tlog
e:\share\antthread\build\windows\temp\bit64\release\thread\cl.write.1.tlog
e:\share\antthread\build\windows\temp\bit64\release\thread\lib-link.read.1.tlog
e:\share\antthread\build\windows\temp\bit64\release\thread\lib-link.write.1.tlog
e:\share\antthread\build\windows\temp\bit64\release\thread\lib.command.1.tlog
e:\share\antthread\build\windows\temp\bit64\release\thread\thread.write.1.tlog
e:\share\antthread\build\windows\..\..\lib\bit64\windows\thread-64.lib
e:\share\antthread\build\windows\temp\bit64\release\thread\thread.tlog\cl.command.1.tlog
e:\share\antthread\build\windows\temp\bit64\release\thread\thread.tlog\cl.read.1.tlog
e:\share\antthread\build\windows\temp\bit64\release\thread\thread.tlog\cl.write.1.tlog
