e:\share\antthread\build\windows\temp\bit64\debug\thread\thread.pdb
e:\share\antthread\build\windows\temp\bit64\debug\thread\thread.idb
e:\share\antthread\build\windows\temp\bit64\debug\thread\iapplogger.obj
e:\share\antthread\build\windows\temp\bit64\debug\thread\cmutex.obj
e:\share\antthread\build\windows\temp\bit64\debug\thread\cnamedmutex.obj
e:\share\antthread\build\windows\temp\bit64\debug\thread\cpipe.obj
e:\share\antthread\build\windows\temp\bit64\debug\thread\cprocesshandle.obj
e:\share\antthread\build\windows\temp\bit64\debug\thread\cprocessmanager.obj
e:\share\antthread\build\windows\temp\bit64\debug\thread\creadwritelock.obj
e:\share\antthread\build\windows\temp\bit64\debug\thread\csemaphore.obj
e:\share\antthread\build\windows\temp\bit64\debug\thread\cthread.obj
e:\share\antthread\build\windows\temp\bit64\debug\thread\cthreadevent.obj
e:\share\antthread\build\windows\temp\bit64\debug\thread\cthreadpool.obj
e:\share\antthread\build\windows\temp\bit64\debug\thread\hatomicoperator.obj
e:\share\antthread\build\windows\temp\bit64\debug\thread\catomicvalue32.obj
e:\share\antthread\lib\bit64\windows\thread-64d.lib
e:\share\antthread\build\windows\..\..\lib\bit64\windows\thread-64d.lib
e:\share\antthread\build\windows\temp\bit64\debug\thread\thread.tlog\cl.command.1.tlog
e:\share\antthread\build\windows\temp\bit64\debug\thread\thread.tlog\cl.read.1.tlog
e:\share\antthread\build\windows\temp\bit64\debug\thread\thread.tlog\cl.write.1.tlog
e:\share\antthread\build\windows\temp\bit64\debug\thread\thread.tlog\lib-link.read.1.tlog
e:\share\antthread\build\windows\temp\bit64\debug\thread\thread.tlog\lib-link.write.1.tlog
e:\share\antthread\build\windows\temp\bit64\debug\thread\thread.tlog\lib.command.1.tlog
